<?xml version="1.0" encoding="UTF-8"?>
<testng-results ignored="0" total="1" passed="1" failed="0" skipped="0">
  <reporter-output>
  </reporter-output>
  <suite started-at="2023-12-29T17:55:26 EST" name="Default suite" finished-at="2023-12-29T17:55:31 EST" duration-ms="5024">
    <groups>
    </groups>
    <test started-at="2023-12-29T17:55:26 EST" name="Default test" finished-at="2023-12-29T17:55:31 EST" duration-ms="5024">
      <class name="tests.XMLSchemaValidation">
        <test-method signature="ValidateSchemaXML()[pri:0, instance:tests.XMLSchemaValidation@6379eb]" started-at="2023-12-29T17:55:26 EST" name="ValidateSchemaXML" finished-at="2023-12-29T17:55:31 EST" duration-ms="4953" status="PASS">
          <reporter-output>
          </reporter-output>
        </test-method> <!-- ValidateSchemaXML -->
      </class> <!-- tests.XMLSchemaValidation -->
    </test> <!-- Default test -->
  </suite> <!-- Default suite -->
</testng-results>
