<?xml version="1.0" encoding="UTF-8"?>
<testng-results ignored="0" total="1" passed="1" failed="0" skipped="0">
  <reporter-output>
  </reporter-output>
  <suite started-at="2023-12-26T13:46:05 EST" name="Default suite" finished-at="2023-12-26T13:46:10 EST" duration-ms="4929">
    <groups>
    </groups>
    <test started-at="2023-12-26T13:46:05 EST" name="Default test" finished-at="2023-12-26T13:46:10 EST" duration-ms="4929">
      <class name="tests.FirstTest">
        <test-method signature="Test1()[pri:0, instance:tests.FirstTest@479d31f3]" started-at="2023-12-26T13:46:05 EST" name="Test1" finished-at="2023-12-26T13:46:10 EST" duration-ms="4826" status="PASS">
          <reporter-output>
          </reporter-output>
        </test-method> <!-- Test1 -->
      </class> <!-- tests.FirstTest -->
    </test> <!-- Default test -->
  </suite> <!-- Default suite -->
</testng-results>
